<?xml version="1.0" encoding="UTF-8"?>
<testsuite xmlns:xsi="http://www.w3.org/2001/XMLSchema-instance" xsi:noNamespaceSchemaLocation="https://maven.apache.org/surefire/maven-surefire-plugin/xsd/surefire-test-report.xsd" version="3.0.2" name="com.hms.clinical.controller.ClinicalApiIntegrationTest" time="26.828" tests="25" errors="0" skipped="0" failures="0">
  <properties>
[...]
</properties>
  <testcase name="createSession_shouldReturn201" classname="com.hms.clinical.controller.ClinicalApiIntegrationTest" time="0.92">
    <system-out><![CDATA[18:08:34.793 [main] INFO org.springframework.test.context.support.AnnotationConfigContextLoaderUtils -- Could not detect default configuration classes for test class [com.hms.clinical.controller.ClinicalApiIntegrationTest]: ClinicalApiIntegrationTest does not declare any static, non-private, non-final, nested classes annotated with @Configuration.
18:08:35.002 [main] INFO org.springframework.boot.test.context.SpringBootTestContextBootstrapper -- Found @SpringBootConfiguration com.hms.clinical.ClinicalApplication for test class com.hms.clinical.controller.ClinicalApiIntegrationTest
18:08:35.146 [main] INFO org.testcontainers.images.PullPolicy -- Image pull policy will be performed by: DefaultPullPolicy()
18:08:35.150 [main] INFO org.testcontainers.utility.ImageNameSubstitutor -- Image name substitution will be performed by: DefaultImageNameSubstitutor (composite of 'ConfigurationFileImageNameSubstitutor' and 'PrefixingImageNameSubstitutor')
18:08:35.188 [main] INFO org.testcontainers.DockerClientFactory -- Testcontainers version: 1.21.4
18:08:35.462 [main] INFO org.testcontainers.dockerclient.DockerClientProviderStrategy -- Loaded org.testcontainers.dockerclient.UnixSocketClientProviderStrategy from ~/.testcontainers.properties, will try it first
18:08:35.757 [main] INFO org.testcontainers.dockerclient.DockerClientProviderStrategy -- Found Docker environment with local Unix socket (unix:///var/run/docker.sock)
18:08:35.758 [main] INFO org.testcontainers.DockerClientFactory -- Docker host IP address is localhost
18:08:35.776 [main] INFO org.testcontainers.DockerClientFactory -- Connected to docker: 
  Server Version: 27.3.1
  API Version: 1.47
  Operating System: Fedora Linux 39 (Workstation Edition)
  Total Memory: 31863 MB
18:08:35.871 [main] INFO tc.testcontainers/ryuk:0.12.0 -- Creating container for image: testcontainers/ryuk:0.12.0
18:08:36.104 [main] INFO tc.testcontainers/ryuk:0.12.0 -- Container testcontainers/ryuk:0.12.0 is starting: 96b590caeb07e5e65fb8634b296efabe223810ab43484a6ed3633f670174ef97
18:08:36.853 [main] INFO tc.testcontainers/ryuk:0.12.0 -- Container testcontainers/ryuk:0.12.0 started in PT0.981427482S
18:08:36.859 [main] INFO org.testcontainers.utility.RyukResourceReaper -- Ryuk started - will monitor and terminate Testcontainers containers on JVM exit
18:08:36.859 [main] INFO org.testcontainers.DockerClientFactory -- Checking the system...
18:08:36.860 [main] INFO org.testcontainers.DockerClientFactory -- ✔︎ Docker server version should be at least 1.6.0
18:08:36.861 [main] INFO tc.rabbitmq:3-management-alpine -- Creating container for image: rabbitmq:3-management-alpine
18:08:36.958 [main] INFO tc.rabbitmq:3-management-alpine -- Container rabbitmq:3-management-alpine is starting: 3066c97082f2da9d384301ad51de96cf2adbd4b69ba9ff3bf94674b24191e0bc
18:08:45.775 [main] INFO tc.rabbitmq:3-management-alpine -- Container rabbitmq:3-management-alpine started in PT8.914151039S
18:08:45.776 [main] INFO tc.postgres:15-alpine -- Creating container for image: postgres:15-alpine
18:08:45.878 [main] INFO tc.postgres:15-alpine -- Container postgres:15-alpine is starting: 5c410686197f38999b359930a060140cd4bf0479a2196adda11fe4f1bd22432d
18:08:50.041 [main] INFO tc.postgres:15-alpine -- Container postgres:15-alpine started in PT4.265472175S
18:08:50.044 [main] INFO tc.postgres:15-alpine -- Container is started (JDBC URL: jdbc:postgresql://localhost:32791/hms_db?loggerLevel=OFF)

  .   ____          _            __ _ _
 /\\ / ___'_ __ _ _(_)_ __  __ _ \ \ \ \
( ( )\___ | '_ | '_| | '_ \/ _` | \ \ \ \
 \\/  ___)| |_)| | | | | || (_| |  ) ) ) )
  '  |____| .__|_| |_|_| |_\__, | / / / /
 =========|_|==============|___/=/_/_/_/

 :: Spring Boot ::               (v3.5.11)

2026-02-23T18:08:50.723+05:30  INFO 1000488 --- [clinical-service] [           main] c.h.c.c.ClinicalApiIntegrationTest       : Starting ClinicalApiIntegrationTest using Java 22.0.2 with PID 1000488 (started by devinda_121260 in /home/devinda_121260/Hospital management project/clinical)
2026-02-23T18:08:50.725+05:30  INFO 1000488 --- [clinical-service] [           main] c.h.c.c.ClinicalApiIntegrationTest       : No active profile set, falling back to 1 default profile: "default"
2026-02-23T18:08:51.787+05:30  INFO 1000488 --- [clinical-service] [           main] .s.d.r.c.RepositoryConfigurationDelegate : Bootstrapping Spring Data JPA repositories in DEFAULT mode.
2026-02-23T18:08:51.905+05:30  INFO 1000488 --- [clinical-service] [           main] .s.d.r.c.RepositoryConfigurationDelegate : Finished Spring Data repository scanning in 102 ms. Found 5 JPA repository interfaces.
2026-02-23T18:08:52.718+05:30  INFO 1000488 --- [clinical-service] [           main] o.hibernate.jpa.internal.util.LogHelper  : HHH000204: Processing PersistenceUnitInfo [name: default]
2026-02-23T18:08:52.797+05:30  INFO 1000488 --- [clinical-service] [           main] org.hibernate.Version                    : HHH000412: Hibernate ORM core version 6.6.42.Final
2026-02-23T18:08:52.850+05:30  INFO 1000488 --- [clinical-service] [           main] o.h.c.internal.RegionFactoryInitiator    : HHH000026: Second-level cache disabled
2026-02-23T18:08:53.166+05:30  INFO 1000488 --- [clinical-service] [           main] o.s.o.j.p.SpringPersistenceUnitInfo      : No LoadTimeWeaver setup: ignoring JPA class transformer
2026-02-23T18:08:53.198+05:30  INFO 1000488 --- [clinical-service] [           main] com.zaxxer.hikari.HikariDataSource       : HikariPool-1 - Starting...
2026-02-23T18:08:53.435+05:30  INFO 1000488 --- [clinical-service] [           main] com.zaxxer.hikari.pool.HikariPool        : HikariPool-1 - Added connection org.postgresql.jdbc.PgConnection@723b8eff
2026-02-23T18:08:53.436+05:30  INFO 1000488 --- [clinical-service] [           main] com.zaxxer.hikari.HikariDataSource       : HikariPool-1 - Start completed.
2026-02-23T18:08:53.507+05:30  INFO 1000488 --- [clinical-service] [           main] org.hibernate.orm.connections.pooling    : HHH10001005: Database info:
	Database JDBC URL [Connecting through datasource 'HikariDataSource (HikariPool-1)']
	Database driver: undefined/unknown
	Database version: 15.16
	Autocommit mode: undefined/unknown
	Isolation level: undefined/unknown
	Minimum pool size: undefined/unknown
	Maximum pool size: undefined/unknown
2026-02-23T18:08:54.796+05:30  INFO 1000488 --- [clinical-service] [           main] o.h.e.t.j.p.i.JtaPlatformInitiator       : HHH000489: No JTA platform available (set 'hibernate.transaction.jta.platform' to enable JTA platform integration)
Hibernate: 
    create table lab_requests (
        id uuid not null,
        lab_order_id uuid,
        order_status varchar(20),
        requested_at timestamp(6) not null,
        test_id uuid not null,
        test_name varchar(255) not null,
        urgency varchar(20) not null,
        session_id uuid not null,
        primary key (id)
    )
Hibernate: 
    create table prescriptions (
        id uuid not null,
        created_at timestamp(6) not null,
        dosage varchar(100) not null,
        duration_days integer not null,
        frequency varchar(100) not null,
        instructions TEXT,
        medicine_name varchar(200) not null,
        pharmacy_name varchar(255),
        status varchar(20) not null,
        type varchar(20) not null,
        session_id uuid not null,
        primary key (id)
    )
Hibernate: 
    create table session_images (
        id uuid not null,
        caption TEXT,
        file_url TEXT not null,
        image_type varchar(20) not null,
        uploaded_at timestamp(6) not null,
        session_id uuid not null,
        primary key (id)
    )
Hibernate: 
    create table sessions (
        id uuid not null,
        appointment_id uuid,
        chief_complaint TEXT,
        completed_at timestamp(6),
        created_at timestamp(6) not null,
        diagnosis TEXT,
        discount_percent float(53),
        discount_reason TEXT,
        doctor_id uuid not null,
        doctor_name varchar(255) not null,
        follow_up_date date,
        notes TEXT,
        nurse_id uuid,
        patient_id uuid not null,
        patient_name varchar(255) not null,
        session_type varchar(20) not null,
        status varchar(20) not null,
        primary key (id)
    )
Hibernate: 
    create table vitals (
        id uuid not null,
        blood_pressure_dia integer,
        blood_pressure_sys integer,
        blood_sugar float(53),
        bpm integer,
        height_cm integer,
        recorded_at timestamp(6) not null,
        spo2 integer,
        temperature float(53),
        weight_kg float(53),
        session_id uuid not null,
        primary key (id)
    )
Hibernate: 
    alter table if exists vitals 
       drop constraint if exists UK86b8gvov00dx4t8n4xbt0bb1k
2026-02-23T18:08:54.875+05:30  WARN 1000488 --- [clinical-service] [           main] o.h.engine.jdbc.spi.SqlExceptionHelper   : SQL Warning Code: 0, SQLState: 00000
2026-02-23T18:08:54.876+05:30  WARN 1000488 --- [clinical-service] [           main] o.h.engine.jdbc.spi.SqlExceptionHelper   : constraint "uk86b8gvov00dx4t8n4xbt0bb1k" of relation "vitals" does not exist, skipping
Hibernate: 
    alter table if exists vitals 
       add constraint UK86b8gvov00dx4t8n4xbt0bb1k unique (session_id)
Hibernate: 
    alter table if exists lab_requests 
       add constraint FKk388o5obp1s0oq63oeq2urtxa 
       foreign key (session_id) 
       references sessions
Hibernate: 
    alter table if exists prescriptions 
       add constraint FK6t9opu63r8y2v7vpjvj1ls5ki 
       foreign key (session_id) 
       references sessions
Hibernate: 
    alter table if exists session_images 
       add constraint FKpf74x7ix84vmbcu6i0ftpg0h5 
       foreign key (session_id) 
       references sessions
Hibernate: 
    alter table if exists vitals 
       add constraint FKny3k289gluj7xrdxcyx1ofewt 
       foreign key (session_id) 
       references sessions
2026-02-23T18:08:54.890+05:30  INFO 1000488 --- [clinical-service] [           main] j.LocalContainerEntityManagerFactoryBean : Initialized JPA EntityManagerFactory for persistence unit 'default'
2026-02-23T18:08:56.094+05:30  INFO 1000488 --- [clinical-service] [           main] o.s.d.j.r.query.QueryEnhancerFactory     : Hibernate is in classpath; If applicable, HQL parser will be used.
2026-02-23T18:08:56.861+05:30  WARN 1000488 --- [clinical-service] [           main] JpaBaseConfiguration$JpaWebConfiguration : spring.jpa.open-in-view is enabled by default. Therefore, database queries may be performed during view rendering. Explicitly configure spring.jpa.open-in-view to disable this warning
2026-02-23T18:08:57.558+05:30  INFO 1000488 --- [clinical-service] [           main] o.s.b.t.m.w.SpringBootMockServletContext : Initializing Spring TestDispatcherServlet ''
2026-02-23T18:08:57.558+05:30  INFO 1000488 --- [clinical-service] [           main] o.s.t.web.servlet.TestDispatcherServlet  : Initializing Servlet ''
2026-02-23T18:08:57.564+05:30  INFO 1000488 --- [clinical-service] [           main] o.s.t.web.servlet.TestDispatcherServlet  : Completed initialization in 3 ms
2026-02-23T18:08:57.620+05:30  INFO 1000488 --- [clinical-service] [           main] c.h.c.c.ClinicalApiIntegrationTest       : Started ClinicalApiIntegrationTest in 7.436 seconds (process running for 24.083)
Hibernate: 
    insert 
    into
        sessions
        (appointment_id, chief_complaint, completed_at, created_at, diagnosis, discount_percent, discount_reason, doctor_id, doctor_name, follow_up_date, notes, nurse_id, patient_id, patient_name, session_type, status, id) 
    values
        (?, ?, ?, ?, ?, ?, ?, ?, ?, ?, ?, ?, ?, ?, ?, ?, ?)
]]></system-out>
    <system-err><![CDATA[Mockito is currently self-attaching to enable the inline-mock-maker. This will no longer work in future releases of the JDK. Please add Mockito as an agent to your build as described in Mockito's documentation: https://javadoc.io/doc/org.mockito/mockito-core/latest/org.mockito/org/mockito/Mockito.html#0.3
WARNING: A Java agent has been loaded dynamically (/home/devinda_121260/.m2/repository/net/bytebuddy/byte-buddy-agent/1.17.8/byte-buddy-agent-1.17.8.jar)
WARNING: If a serviceability tool is in use, please run with -XX:+EnableDynamicAgentLoading to hide this warning
WARNING: If a serviceability tool is not in use, please run with -Djdk.instrument.traceUsage for more information
WARNING: Dynamic loading of agents will be disallowed by default in a future release
]]></system-err>
  </testcase>
  <testcase name="listSessions_shouldReturn200" classname="com.hms.clinical.controller.ClinicalApiIntegrationTest" time="0.203">
    <system-out><![CDATA[Hibernate: 
    select
        s1_0.id,
        s1_0.appointment_id,
        s1_0.chief_complaint,
        s1_0.completed_at,
        s1_0.created_at,
        s1_0.diagnosis,
        s1_0.discount_percent,
        s1_0.discount_reason,
        s1_0.doctor_id,
        s1_0.doctor_name,
        s1_0.follow_up_date,
        s1_0.notes,
        s1_0.nurse_id,
        s1_0.patient_id,
        s1_0.patient_name,
        s1_0.session_type,
        s1_0.status 
    from
        sessions s1_0 
    where
        1=1 
    order by
        s1_0.created_at desc 
    offset
        ? rows 
    fetch
        first ? rows only
Hibernate: 
    select
        v1_0.id,
        v1_0.blood_pressure_dia,
        v1_0.blood_pressure_sys,
        v1_0.blood_sugar,
        v1_0.bpm,
        v1_0.height_cm,
        v1_0.recorded_at,
        v1_0.session_id,
        v1_0.spo2,
        v1_0.temperature,
        v1_0.weight_kg 
    from
        vitals v1_0 
    where
        v1_0.session_id=?
Hibernate: 
    select
        p1_0.session_id,
        p1_0.id,
        p1_0.created_at,
        p1_0.dosage,
        p1_0.duration_days,
        p1_0.frequency,
        p1_0.instructions,
        p1_0.medicine_name,
        p1_0.pharmacy_name,
        p1_0.status,
        p1_0.type 
    from
        prescriptions p1_0 
    where
        p1_0.session_id=?
Hibernate: 
    select
        i1_0.session_id,
        i1_0.id,
        i1_0.caption,
        i1_0.file_url,
        i1_0.image_type,
        i1_0.uploaded_at 
    from
        session_images i1_0 
    where
        i1_0.session_id=?
Hibernate: 
    select
        lr1_0.session_id,
        lr1_0.id,
        lr1_0.lab_order_id,
        lr1_0.order_status,
        lr1_0.requested_at,
        lr1_0.test_id,
        lr1_0.test_name,
        lr1_0.urgency 
    from
        lab_requests lr1_0 
    where
        lr1_0.session_id=?
]]></system-out>
  </testcase>
  <testcase name="getSession_shouldReturn200" classname="com.hms.clinical.controller.ClinicalApiIntegrationTest" time="0.043">
    <system-out><![CDATA[Hibernate: 
    select
        s1_0.id,
        s1_0.appointment_id,
        s1_0.chief_complaint,
        s1_0.completed_at,
        s1_0.created_at,
        s1_0.diagnosis,
        s1_0.discount_percent,
        s1_0.discount_reason,
        s1_0.doctor_id,
        s1_0.doctor_name,
        s1_0.follow_up_date,
        s1_0.notes,
        s1_0.nurse_id,
        s1_0.patient_id,
        s1_0.patient_name,
        s1_0.session_type,
        s1_0.status 
    from
        sessions s1_0 
    where
        s1_0.id=?
Hibernate: 
    select
        v1_0.id,
        v1_0.blood_pressure_dia,
        v1_0.blood_pressure_sys,
        v1_0.blood_sugar,
        v1_0.bpm,
        v1_0.height_cm,
        v1_0.recorded_at,
        v1_0.session_id,
        v1_0.spo2,
        v1_0.temperature,
        v1_0.weight_kg 
    from
        vitals v1_0 
    where
        v1_0.session_id=?
Hibernate: 
    select
        p1_0.session_id,
        p1_0.id,
        p1_0.created_at,
        p1_0.dosage,
        p1_0.duration_days,
        p1_0.frequency,
        p1_0.instructions,
        p1_0.medicine_name,
        p1_0.pharmacy_name,
        p1_0.status,
        p1_0.type 
    from
        prescriptions p1_0 
    where
        p1_0.session_id=?
Hibernate: 
    select
        i1_0.session_id,
        i1_0.id,
        i1_0.caption,
        i1_0.file_url,
        i1_0.image_type,
        i1_0.uploaded_at 
    from
        session_images i1_0 
    where
        i1_0.session_id=?
Hibernate: 
    select
        lr1_0.session_id,
        lr1_0.id,
        lr1_0.lab_order_id,
        lr1_0.order_status,
        lr1_0.requested_at,
        lr1_0.test_id,
        lr1_0.test_name,
        lr1_0.urgency 
    from
        lab_requests lr1_0 
    where
        lr1_0.session_id=?
]]></system-out>
  </testcase>
  <testcase name="getSession_notFound_shouldReturn404" classname="com.hms.clinical.controller.ClinicalApiIntegrationTest" time="0.036">
    <system-out><![CDATA[Hibernate: 
    select
        s1_0.id,
        s1_0.appointment_id,
        s1_0.chief_complaint,
        s1_0.completed_at,
        s1_0.created_at,
        s1_0.diagnosis,
        s1_0.discount_percent,
        s1_0.discount_reason,
        s1_0.doctor_id,
        s1_0.doctor_name,
        s1_0.follow_up_date,
        s1_0.notes,
        s1_0.nurse_id,
        s1_0.patient_id,
        s1_0.patient_name,
        s1_0.session_type,
        s1_0.status 
    from
        sessions s1_0 
    where
        s1_0.id=?
]]></system-out>
  </testcase>
  <testcase name="updateSession_shouldReturn200" classname="com.hms.clinical.controller.ClinicalApiIntegrationTest" time="0.067">
    <system-out><![CDATA[Hibernate: 
    select
        s1_0.id,
        s1_0.appointment_id,
        s1_0.chief_complaint,
        s1_0.completed_at,
        s1_0.created_at,
        s1_0.diagnosis,
        s1_0.discount_percent,
        s1_0.discount_reason,
        s1_0.doctor_id,
        s1_0.doctor_name,
        s1_0.follow_up_date,
        s1_0.notes,
        s1_0.nurse_id,
        s1_0.patient_id,
        s1_0.patient_name,
        s1_0.session_type,
        s1_0.status 
    from
        sessions s1_0 
    where
        s1_0.id=?
Hibernate: 
    select
        v1_0.id,
        v1_0.blood_pressure_dia,
        v1_0.blood_pressure_sys,
        v1_0.blood_sugar,
        v1_0.bpm,
        v1_0.height_cm,
        v1_0.recorded_at,
        v1_0.session_id,
        v1_0.spo2,
        v1_0.temperature,
        v1_0.weight_kg 
    from
        vitals v1_0 
    where
        v1_0.session_id=?
Hibernate: 
    select
        p1_0.session_id,
        p1_0.id,
        p1_0.created_at,
        p1_0.dosage,
        p1_0.duration_days,
        p1_0.frequency,
        p1_0.instructions,
        p1_0.medicine_name,
        p1_0.pharmacy_name,
        p1_0.status,
        p1_0.type 
    from
        prescriptions p1_0 
    where
        p1_0.session_id=?
Hibernate: 
    select
        i1_0.session_id,
        i1_0.id,
        i1_0.caption,
        i1_0.file_url,
        i1_0.image_type,
        i1_0.uploaded_at 
    from
        session_images i1_0 
    where
        i1_0.session_id=?
Hibernate: 
    select
        lr1_0.session_id,
        lr1_0.id,
        lr1_0.lab_order_id,
        lr1_0.order_status,
        lr1_0.requested_at,
        lr1_0.test_id,
        lr1_0.test_name,
        lr1_0.urgency 
    from
        lab_requests lr1_0 
    where
        lr1_0.session_id=?
Hibernate: 
    update
        sessions 
    set
        appointment_id=?,
        chief_complaint=?,
        completed_at=?,
        diagnosis=?,
        discount_percent=?,
        discount_reason=?,
        doctor_id=?,
        doctor_name=?,
        follow_up_date=?,
        notes=?,
        nurse_id=?,
        patient_id=?,
        patient_name=?,
        session_type=?,
        status=? 
    where
        id=?
]]></system-out>
  </testcase>
  <testcase name="recordVitals_shouldReturn201" classname="com.hms.clinical.controller.ClinicalApiIntegrationTest" time="0.096">
    <system-out><![CDATA[Hibernate: 
    select
        s1_0.id,
        s1_0.appointment_id,
        s1_0.chief_complaint,
        s1_0.completed_at,
        s1_0.created_at,
        s1_0.diagnosis,
        s1_0.discount_percent,
        s1_0.discount_reason,
        s1_0.doctor_id,
        s1_0.doctor_name,
        s1_0.follow_up_date,
        s1_0.notes,
        s1_0.nurse_id,
        s1_0.patient_id,
        s1_0.patient_name,
        s1_0.session_type,
        s1_0.status 
    from
        sessions s1_0 
    where
        s1_0.id=?
Hibernate: 
    select
        v1_0.id,
        v1_0.blood_pressure_dia,
        v1_0.blood_pressure_sys,
        v1_0.blood_sugar,
        v1_0.bpm,
        v1_0.height_cm,
        v1_0.recorded_at,
        v1_0.session_id,
        v1_0.spo2,
        v1_0.temperature,
        v1_0.weight_kg 
    from
        vitals v1_0 
    where
        v1_0.session_id=?
Hibernate: 
    select
        v1_0.id,
        v1_0.blood_pressure_dia,
        v1_0.blood_pressure_sys,
        v1_0.blood_sugar,
        v1_0.bpm,
        v1_0.height_cm,
        v1_0.recorded_at,
        v1_0.session_id,
        v1_0.spo2,
        v1_0.temperature,
        v1_0.weight_kg 
    from
        vitals v1_0 
    left join
        sessions s1_0 
            on s1_0.id=v1_0.session_id 
    where
        s1_0.id=?
Hibernate: 
    insert 
    into
        vitals
        (blood_pressure_dia, blood_pressure_sys, blood_sugar, bpm, height_cm, recorded_at, session_id, spo2, temperature, weight_kg, id) 
    values
        (?, ?, ?, ?, ?, ?, ?, ?, ?, ?, ?)
]]></system-out>
  </testcase>
  <testcase name="getVitals_shouldReturn200" classname="com.hms.clinical.controller.ClinicalApiIntegrationTest" time="0.025">
    <system-out><![CDATA[Hibernate: 
    select
        v1_0.id,
        v1_0.blood_pressure_dia,
        v1_0.blood_pressure_sys,
        v1_0.blood_sugar,
        v1_0.bpm,
        v1_0.height_cm,
        v1_0.recorded_at,
        v1_0.session_id,
        v1_0.spo2,
        v1_0.temperature,
        v1_0.weight_kg 
    from
        vitals v1_0 
    left join
        sessions s1_0 
            on s1_0.id=v1_0.session_id 
    where
        s1_0.id=?
]]></system-out>
  </testcase>
  <testcase name="recordVitals_update_shouldOverwrite" classname="com.hms.clinical.controller.ClinicalApiIntegrationTest" time="0.027">
    <system-out><![CDATA[Hibernate: 
    select
        s1_0.id,
        s1_0.appointment_id,
        s1_0.chief_complaint,
        s1_0.completed_at,
        s1_0.created_at,
        s1_0.diagnosis,
        s1_0.discount_percent,
        s1_0.discount_reason,
        s1_0.doctor_id,
        s1_0.doctor_name,
        s1_0.follow_up_date,
        s1_0.notes,
        s1_0.nurse_id,
        s1_0.patient_id,
        s1_0.patient_name,
        s1_0.session_type,
        s1_0.status 
    from
        sessions s1_0 
    where
        s1_0.id=?
Hibernate: 
    select
        v1_0.id,
        v1_0.blood_pressure_dia,
        v1_0.blood_pressure_sys,
        v1_0.blood_sugar,
        v1_0.bpm,
        v1_0.height_cm,
        v1_0.recorded_at,
        v1_0.session_id,
        v1_0.spo2,
        v1_0.temperature,
        v1_0.weight_kg 
    from
        vitals v1_0 
    where
        v1_0.session_id=?
Hibernate: 
    select
        v1_0.id,
        v1_0.blood_pressure_dia,
        v1_0.blood_pressure_sys,
        v1_0.blood_sugar,
        v1_0.bpm,
        v1_0.height_cm,
        v1_0.recorded_at,
        v1_0.session_id,
        v1_0.spo2,
        v1_0.temperature,
        v1_0.weight_kg 
    from
        vitals v1_0 
    left join
        sessions s1_0 
            on s1_0.id=v1_0.session_id 
    where
        s1_0.id=?
Hibernate: 
    update
        vitals 
    set
        blood_pressure_dia=?,
        blood_pressure_sys=?,
        blood_sugar=?,
        bpm=?,
        height_cm=?,
        session_id=?,
        spo2=?,
        temperature=?,
        weight_kg=? 
    where
        id=?
]]></system-out>
  </testcase>
  <testcase name="addPrescriptions_shouldReturn201" classname="com.hms.clinical.controller.ClinicalApiIntegrationTest" time="0.107">
    <system-out><![CDATA[Hibernate: 
    select
        s1_0.id,
        s1_0.appointment_id,
        s1_0.chief_complaint,
        s1_0.completed_at,
        s1_0.created_at,
        s1_0.diagnosis,
        s1_0.discount_percent,
        s1_0.discount_reason,
        s1_0.doctor_id,
        s1_0.doctor_name,
        s1_0.follow_up_date,
        s1_0.notes,
        s1_0.nurse_id,
        s1_0.patient_id,
        s1_0.patient_name,
        s1_0.session_type,
        s1_0.status 
    from
        sessions s1_0 
    where
        s1_0.id=?
Hibernate: 
    select
        v1_0.id,
        v1_0.blood_pressure_dia,
        v1_0.blood_pressure_sys,
        v1_0.blood_sugar,
        v1_0.bpm,
        v1_0.height_cm,
        v1_0.recorded_at,
        v1_0.session_id,
        v1_0.spo2,
        v1_0.temperature,
        v1_0.weight_kg 
    from
        vitals v1_0 
    where
        v1_0.session_id=?
Hibernate: 
    insert 
    into
        prescriptions
        (created_at, dosage, duration_days, frequency, instructions, medicine_name, pharmacy_name, session_id, status, type, id) 
    values
        (?, ?, ?, ?, ?, ?, ?, ?, ?, ?, ?)
Hibernate: 
    insert 
    into
        prescriptions
        (created_at, dosage, duration_days, frequency, instructions, medicine_name, pharmacy_name, session_id, status, type, id) 
    values
        (?, ?, ?, ?, ?, ?, ?, ?, ?, ?, ?)
]]></system-out>
  </testcase>
  <testcase name="getPrescriptions_shouldReturn200" classname="com.hms.clinical.controller.ClinicalApiIntegrationTest" time="0.021">
    <system-out><![CDATA[Hibernate: 
    select
        p1_0.id,
        p1_0.created_at,
        p1_0.dosage,
        p1_0.duration_days,
        p1_0.frequency,
        p1_0.instructions,
        p1_0.medicine_name,
        p1_0.pharmacy_name,
        p1_0.session_id,
        p1_0.status,
        p1_0.type 
    from
        prescriptions p1_0 
    left join
        sessions s1_0 
            on s1_0.id=p1_0.session_id 
    where
        s1_0.id=?
]]></system-out>
  </testcase>
  <testcase name="getPrescriptions_filterByType_shouldReturn200" classname="com.hms.clinical.controller.ClinicalApiIntegrationTest" time="0.022">
    <system-out><![CDATA[Hibernate: 
    select
        p1_0.id,
        p1_0.created_at,
        p1_0.dosage,
        p1_0.duration_days,
        p1_0.frequency,
        p1_0.instructions,
        p1_0.medicine_name,
        p1_0.pharmacy_name,
        p1_0.session_id,
        p1_0.status,
        p1_0.type 
    from
        prescriptions p1_0 
    left join
        sessions s1_0 
            on s1_0.id=p1_0.session_id 
    where
        s1_0.id=? 
        and p1_0.type=?
]]></system-out>
  </testcase>
  <testcase name="getPharmacyQueue_shouldReturn200" classname="com.hms.clinical.controller.ClinicalApiIntegrationTest" time="0.036">
    <system-out><![CDATA[Hibernate: 
    select
        p1_0.id,
        p1_0.created_at,
        p1_0.dosage,
        p1_0.duration_days,
        p1_0.frequency,
        p1_0.instructions,
        p1_0.medicine_name,
        p1_0.pharmacy_name,
        p1_0.session_id,
        p1_0.status,
        p1_0.type 
    from
        prescriptions p1_0 
    where
        p1_0.type='internal' 
        and p1_0.status=? 
    order by
        p1_0.created_at
Hibernate: 
    select
        s1_0.id,
        s1_0.appointment_id,
        s1_0.chief_complaint,
        s1_0.completed_at,
        s1_0.created_at,
        s1_0.diagnosis,
        s1_0.discount_percent,
        s1_0.discount_reason,
        s1_0.doctor_id,
        s1_0.doctor_name,
        s1_0.follow_up_date,
        s1_0.notes,
        s1_0.nurse_id,
        s1_0.patient_id,
        s1_0.patient_name,
        s1_0.session_type,
        s1_0.status 
    from
        sessions s1_0 
    where
        s1_0.id=?
Hibernate: 
    select
        v1_0.id,
        v1_0.blood_pressure_dia,
        v1_0.blood_pressure_sys,
        v1_0.blood_sugar,
        v1_0.bpm,
        v1_0.height_cm,
        v1_0.recorded_at,
        v1_0.session_id,
        v1_0.spo2,
        v1_0.temperature,
        v1_0.weight_kg 
    from
        vitals v1_0 
    where
        v1_0.session_id=?
]]></system-out>
  </testcase>
  <testcase name="dispensePrescription_shouldReturn200" classname="com.hms.clinical.controller.ClinicalApiIntegrationTest" time="0.029">
    <system-out><![CDATA[Hibernate: 
    select
        p1_0.id,
        p1_0.created_at,
        p1_0.dosage,
        p1_0.duration_days,
        p1_0.frequency,
        p1_0.instructions,
        p1_0.medicine_name,
        p1_0.pharmacy_name,
        p1_0.session_id,
        p1_0.status,
        p1_0.type 
    from
        prescriptions p1_0 
    where
        p1_0.id=?
Hibernate: 
    update
        prescriptions 
    set
        dosage=?,
        duration_days=?,
        frequency=?,
        instructions=?,
        medicine_name=?,
        pharmacy_name=?,
        session_id=?,
        status=?,
        type=? 
    where
        id=?
]]></system-out>
  </testcase>
  <testcase name="dispensePrescription_alreadyDispensed_shouldReturn422" classname="com.hms.clinical.controller.ClinicalApiIntegrationTest" time="0.031">
    <system-out><![CDATA[Hibernate: 
    select
        p1_0.id,
        p1_0.created_at,
        p1_0.dosage,
        p1_0.duration_days,
        p1_0.frequency,
        p1_0.instructions,
        p1_0.medicine_name,
        p1_0.pharmacy_name,
        p1_0.session_id,
        p1_0.status,
        p1_0.type 
    from
        prescriptions p1_0 
    where
        p1_0.id=?
]]></system-out>
  </testcase>
  <testcase name="createLabRequests_shouldReturn201" classname="com.hms.clinical.controller.ClinicalApiIntegrationTest" time="0.24">
    <system-out><![CDATA[Hibernate: 
    select
        s1_0.id,
        s1_0.appointment_id,
        s1_0.chief_complaint,
        s1_0.completed_at,
        s1_0.created_at,
        s1_0.diagnosis,
        s1_0.discount_percent,
        s1_0.discount_reason,
        s1_0.doctor_id,
        s1_0.doctor_name,
        s1_0.follow_up_date,
        s1_0.notes,
        s1_0.nurse_id,
        s1_0.patient_id,
        s1_0.patient_name,
        s1_0.session_type,
        s1_0.status 
    from
        sessions s1_0 
    where
        s1_0.id=?
Hibernate: 
    select
        v1_0.id,
        v1_0.blood_pressure_dia,
        v1_0.blood_pressure_sys,
        v1_0.blood_sugar,
        v1_0.bpm,
        v1_0.height_cm,
        v1_0.recorded_at,
        v1_0.session_id,
        v1_0.spo2,
        v1_0.temperature,
        v1_0.weight_kg 
    from
        vitals v1_0 
    where
        v1_0.session_id=?
2026-02-23T18:08:59.398+05:30  INFO 1000488 --- [clinical-service] [           main] com.hms.clinical.event.EventPublisher    : Publishing lab.requested event for session: 6e475838-f02e-4ec7-85ca-4a094cb0f397
2026-02-23T18:08:59.424+05:30  INFO 1000488 --- [clinical-service] [           main] o.s.a.r.c.CachingConnectionFactory       : Attempting to connect to: [localhost:32788]
2026-02-23T18:08:59.486+05:30  INFO 1000488 --- [clinical-service] [           main] o.s.a.r.c.CachingConnectionFactory       : Created new connection: rabbitConnectionFactory#3868c92e:0/SimpleConnection@4c046a12 [delegate=amqp://guest@127.0.0.1:32788/, localPort=39342]
Hibernate: 
    insert 
    into
        lab_requests
        (lab_order_id, order_status, requested_at, session_id, test_id, test_name, urgency, id) 
    values
        (?, ?, ?, ?, ?, ?, ?, ?)
Hibernate: 
    insert 
    into
        lab_requests
        (lab_order_id, order_status, requested_at, session_id, test_id, test_name, urgency, id) 
    values
        (?, ?, ?, ?, ?, ?, ?, ?)
]]></system-out>
  </testcase>
  <testcase name="getLabRequests_shouldReturn200" classname="com.hms.clinical.controller.ClinicalApiIntegrationTest" time="0.017">
    <system-out><![CDATA[Hibernate: 
    select
        lr1_0.id,
        lr1_0.lab_order_id,
        lr1_0.order_status,
        lr1_0.requested_at,
        lr1_0.session_id,
        lr1_0.test_id,
        lr1_0.test_name,
        lr1_0.urgency 
    from
        lab_requests lr1_0 
    left join
        sessions s1_0 
            on s1_0.id=lr1_0.session_id 
    where
        s1_0.id=?
]]></system-out>
  </testcase>
  <testcase name="completeSession_shouldReturn200AndPublishEvent" classname="com.hms.clinical.controller.ClinicalApiIntegrationTest" time="0.041">
    <system-out><![CDATA[Hibernate: 
    select
        s1_0.id,
        s1_0.appointment_id,
        s1_0.chief_complaint,
        s1_0.completed_at,
        s1_0.created_at,
        s1_0.diagnosis,
        s1_0.discount_percent,
        s1_0.discount_reason,
        s1_0.doctor_id,
        s1_0.doctor_name,
        s1_0.follow_up_date,
        s1_0.notes,
        s1_0.nurse_id,
        s1_0.patient_id,
        s1_0.patient_name,
        s1_0.session_type,
        s1_0.status 
    from
        sessions s1_0 
    where
        s1_0.id=?
Hibernate: 
    select
        v1_0.id,
        v1_0.blood_pressure_dia,
        v1_0.blood_pressure_sys,
        v1_0.blood_sugar,
        v1_0.bpm,
        v1_0.height_cm,
        v1_0.recorded_at,
        v1_0.session_id,
        v1_0.spo2,
        v1_0.temperature,
        v1_0.weight_kg 
    from
        vitals v1_0 
    where
        v1_0.session_id=?
2026-02-23T18:08:59.622+05:30  INFO 1000488 --- [clinical-service] [           main] com.hms.clinical.event.EventPublisher    : Publishing billing.opd event for session: 6e475838-f02e-4ec7-85ca-4a094cb0f397
Hibernate: 
    select
        p1_0.session_id,
        p1_0.id,
        p1_0.created_at,
        p1_0.dosage,
        p1_0.duration_days,
        p1_0.frequency,
        p1_0.instructions,
        p1_0.medicine_name,
        p1_0.pharmacy_name,
        p1_0.status,
        p1_0.type 
    from
        prescriptions p1_0 
    where
        p1_0.session_id=?
Hibernate: 
    select
        i1_0.session_id,
        i1_0.id,
        i1_0.caption,
        i1_0.file_url,
        i1_0.image_type,
        i1_0.uploaded_at 
    from
        session_images i1_0 
    where
        i1_0.session_id=?
Hibernate: 
    select
        lr1_0.session_id,
        lr1_0.id,
        lr1_0.lab_order_id,
        lr1_0.order_status,
        lr1_0.requested_at,
        lr1_0.test_id,
        lr1_0.test_name,
        lr1_0.urgency 
    from
        lab_requests lr1_0 
    where
        lr1_0.session_id=?
Hibernate: 
    update
        sessions 
    set
        appointment_id=?,
        chief_complaint=?,
        completed_at=?,
        diagnosis=?,
        discount_percent=?,
        discount_reason=?,
        doctor_id=?,
        doctor_name=?,
        follow_up_date=?,
        notes=?,
        nurse_id=?,
        patient_id=?,
        patient_name=?,
        session_type=?,
        status=? 
    where
        id=?
]]></system-out>
  </testcase>
  <testcase name="completeSession_alreadyCompleted_shouldReturn422" classname="com.hms.clinical.controller.ClinicalApiIntegrationTest" time="0.017">
    <system-out><![CDATA[Hibernate: 
    select
        s1_0.id,
        s1_0.appointment_id,
        s1_0.chief_complaint,
        s1_0.completed_at,
        s1_0.created_at,
        s1_0.diagnosis,
        s1_0.discount_percent,
        s1_0.discount_reason,
        s1_0.doctor_id,
        s1_0.doctor_name,
        s1_0.follow_up_date,
        s1_0.notes,
        s1_0.nurse_id,
        s1_0.patient_id,
        s1_0.patient_name,
        s1_0.session_type,
        s1_0.status 
    from
        sessions s1_0 
    where
        s1_0.id=?
Hibernate: 
    select
        v1_0.id,
        v1_0.blood_pressure_dia,
        v1_0.blood_pressure_sys,
        v1_0.blood_sugar,
        v1_0.bpm,
        v1_0.height_cm,
        v1_0.recorded_at,
        v1_0.session_id,
        v1_0.spo2,
        v1_0.temperature,
        v1_0.weight_kg 
    from
        vitals v1_0 
    where
        v1_0.session_id=?
]]></system-out>
  </testcase>
  <testcase name="updateCompletedSession_shouldReturn422" classname="com.hms.clinical.controller.ClinicalApiIntegrationTest" time="0.018">
    <system-out><![CDATA[Hibernate: 
    select
        s1_0.id,
        s1_0.appointment_id,
        s1_0.chief_complaint,
        s1_0.completed_at,
        s1_0.created_at,
        s1_0.diagnosis,
        s1_0.discount_percent,
        s1_0.discount_reason,
        s1_0.doctor_id,
        s1_0.doctor_name,
        s1_0.follow_up_date,
        s1_0.notes,
        s1_0.nurse_id,
        s1_0.patient_id,
        s1_0.patient_name,
        s1_0.session_type,
        s1_0.status 
    from
        sessions s1_0 
    where
        s1_0.id=?
Hibernate: 
    select
        v1_0.id,
        v1_0.blood_pressure_dia,
        v1_0.blood_pressure_sys,
        v1_0.blood_sugar,
        v1_0.bpm,
        v1_0.height_cm,
        v1_0.recorded_at,
        v1_0.session_id,
        v1_0.spo2,
        v1_0.temperature,
        v1_0.weight_kg 
    from
        vitals v1_0 
    where
        v1_0.session_id=?
]]></system-out>
  </testcase>
  <testcase name="addPrescriptionToCompletedSession_shouldReturn422" classname="com.hms.clinical.controller.ClinicalApiIntegrationTest" time="0.026">
    <system-out><![CDATA[Hibernate: 
    select
        s1_0.id,
        s1_0.appointment_id,
        s1_0.chief_complaint,
        s1_0.completed_at,
        s1_0.created_at,
        s1_0.diagnosis,
        s1_0.discount_percent,
        s1_0.discount_reason,
        s1_0.doctor_id,
        s1_0.doctor_name,
        s1_0.follow_up_date,
        s1_0.notes,
        s1_0.nurse_id,
        s1_0.patient_id,
        s1_0.patient_name,
        s1_0.session_type,
        s1_0.status 
    from
        sessions s1_0 
    where
        s1_0.id=?
Hibernate: 
    select
        v1_0.id,
        v1_0.blood_pressure_dia,
        v1_0.blood_pressure_sys,
        v1_0.blood_sugar,
        v1_0.bpm,
        v1_0.height_cm,
        v1_0.recorded_at,
        v1_0.session_id,
        v1_0.spo2,
        v1_0.temperature,
        v1_0.weight_kg 
    from
        vitals v1_0 
    where
        v1_0.session_id=?
]]></system-out>
  </testcase>
  <testcase name="recordVitalsOnCompletedSession_shouldReturn422" classname="com.hms.clinical.controller.ClinicalApiIntegrationTest" time="0.015">
    <system-out><![CDATA[Hibernate: 
    select
        s1_0.id,
        s1_0.appointment_id,
        s1_0.chief_complaint,
        s1_0.completed_at,
        s1_0.created_at,
        s1_0.diagnosis,
        s1_0.discount_percent,
        s1_0.discount_reason,
        s1_0.doctor_id,
        s1_0.doctor_name,
        s1_0.follow_up_date,
        s1_0.notes,
        s1_0.nurse_id,
        s1_0.patient_id,
        s1_0.patient_name,
        s1_0.session_type,
        s1_0.status 
    from
        sessions s1_0 
    where
        s1_0.id=?
Hibernate: 
    select
        v1_0.id,
        v1_0.blood_pressure_dia,
        v1_0.blood_pressure_sys,
        v1_0.blood_sugar,
        v1_0.bpm,
        v1_0.height_cm,
        v1_0.recorded_at,
        v1_0.session_id,
        v1_0.spo2,
        v1_0.temperature,
        v1_0.weight_kg 
    from
        vitals v1_0 
    where
        v1_0.session_id=?
]]></system-out>
  </testcase>
  <testcase name="getPatientHistory_shouldReturn200" classname="com.hms.clinical.controller.ClinicalApiIntegrationTest" time="0.09">
    <system-out><![CDATA[Hibernate: 
    select
        s1_0.id,
        s1_0.appointment_id,
        s1_0.chief_complaint,
        s1_0.completed_at,
        s1_0.created_at,
        s1_0.diagnosis,
        s1_0.discount_percent,
        s1_0.discount_reason,
        s1_0.doctor_id,
        s1_0.doctor_name,
        s1_0.follow_up_date,
        s1_0.notes,
        s1_0.nurse_id,
        s1_0.patient_id,
        s1_0.patient_name,
        s1_0.session_type,
        s1_0.status 
    from
        sessions s1_0 
    where
        s1_0.id=?
Hibernate: 
    select
        v1_0.id,
        v1_0.blood_pressure_dia,
        v1_0.blood_pressure_sys,
        v1_0.blood_sugar,
        v1_0.bpm,
        v1_0.height_cm,
        v1_0.recorded_at,
        v1_0.session_id,
        v1_0.spo2,
        v1_0.temperature,
        v1_0.weight_kg 
    from
        vitals v1_0 
    where
        v1_0.session_id=?
Hibernate: 
    select
        p1_0.session_id,
        p1_0.id,
        p1_0.created_at,
        p1_0.dosage,
        p1_0.duration_days,
        p1_0.frequency,
        p1_0.instructions,
        p1_0.medicine_name,
        p1_0.pharmacy_name,
        p1_0.status,
        p1_0.type 
    from
        prescriptions p1_0 
    where
        p1_0.session_id=?
Hibernate: 
    select
        i1_0.session_id,
        i1_0.id,
        i1_0.caption,
        i1_0.file_url,
        i1_0.image_type,
        i1_0.uploaded_at 
    from
        session_images i1_0 
    where
        i1_0.session_id=?
Hibernate: 
    select
        lr1_0.session_id,
        lr1_0.id,
        lr1_0.lab_order_id,
        lr1_0.order_status,
        lr1_0.requested_at,
        lr1_0.test_id,
        lr1_0.test_name,
        lr1_0.urgency 
    from
        lab_requests lr1_0 
    where
        lr1_0.session_id=?
Hibernate: 
    select
        s1_0.id,
        s1_0.appointment_id,
        s1_0.chief_complaint,
        s1_0.completed_at,
        s1_0.created_at,
        s1_0.diagnosis,
        s1_0.discount_percent,
        s1_0.discount_reason,
        s1_0.doctor_id,
        s1_0.doctor_name,
        s1_0.follow_up_date,
        s1_0.notes,
        s1_0.nurse_id,
        s1_0.patient_id,
        s1_0.patient_name,
        s1_0.session_type,
        s1_0.status 
    from
        sessions s1_0 
    where
        s1_0.patient_id=? 
    order by
        s1_0.created_at desc 
    offset
        ? rows 
    fetch
        first ? rows only
Hibernate: 
    select
        v1_0.id,
        v1_0.blood_pressure_dia,
        v1_0.blood_pressure_sys,
        v1_0.blood_sugar,
        v1_0.bpm,
        v1_0.height_cm,
        v1_0.recorded_at,
        v1_0.session_id,
        v1_0.spo2,
        v1_0.temperature,
        v1_0.weight_kg 
    from
        vitals v1_0 
    where
        v1_0.session_id=?
Hibernate: 
    select
        p1_0.session_id,
        p1_0.id,
        p1_0.created_at,
        p1_0.dosage,
        p1_0.duration_days,
        p1_0.frequency,
        p1_0.instructions,
        p1_0.medicine_name,
        p1_0.pharmacy_name,
        p1_0.status,
        p1_0.type 
    from
        prescriptions p1_0 
    where
        p1_0.session_id=?
Hibernate: 
    select
        i1_0.session_id,
        i1_0.id,
        i1_0.caption,
        i1_0.file_url,
        i1_0.image_type,
        i1_0.uploaded_at 
    from
        session_images i1_0 
    where
        i1_0.session_id=?
Hibernate: 
    select
        lr1_0.session_id,
        lr1_0.id,
        lr1_0.lab_order_id,
        lr1_0.order_status,
        lr1_0.requested_at,
        lr1_0.test_id,
        lr1_0.test_name,
        lr1_0.urgency 
    from
        lab_requests lr1_0 
    where
        lr1_0.session_id=?
Hibernate: 
    select
        v1_0.id,
        v1_0.blood_pressure_dia,
        v1_0.blood_pressure_sys,
        v1_0.blood_sugar,
        v1_0.bpm,
        v1_0.height_cm,
        v1_0.recorded_at,
        v1_0.session_id,
        v1_0.spo2,
        v1_0.temperature,
        v1_0.weight_kg 
    from
        vitals v1_0 
    left join
        sessions s1_0 
            on s1_0.id=v1_0.session_id 
    where
        s1_0.patient_id=? 
        and v1_0.recorded_at between ? and ? 
    order by
        v1_0.recorded_at desc
]]></system-out>
  </testcase>
  <testcase name="createSession_missingPatientId_shouldReturn400" classname="com.hms.clinical.controller.ClinicalApiIntegrationTest" time="0.027"/>
  <testcase name="createSession_missingSessionType_shouldReturn400" classname="com.hms.clinical.controller.ClinicalApiIntegrationTest" time="0.01"/>
  <testcase name="completeSession_missingDiagnosis_shouldReturn400" classname="com.hms.clinical.controller.ClinicalApiIntegrationTest" time="0.02">
    <system-out><![CDATA[Hibernate: 
    insert 
    into
        sessions
        (appointment_id, chief_complaint, completed_at, created_at, diagnosis, discount_percent, discount_reason, doctor_id, doctor_name, follow_up_date, notes, nurse_id, patient_id, patient_name, session_type, status, id) 
    values
        (?, ?, ?, ?, ?, ?, ?, ?, ?, ?, ?, ?, ?, ?, ?, ?, ?)
]]></system-out>
  </testcase>
</testsuite>