<?xml version="1.0" encoding="UTF-8"?>
<testsuite xmlns:xsi="http://www.w3.org/2001/XMLSchema-instance" xsi:noNamespaceSchemaLocation="https://maven.apache.org/surefire/maven-surefire-plugin/xsd/surefire-test-report.xsd" version="3.0.2" name="com.hms.clinical.service.VitalsServiceTest" time="0.104" tests="4" errors="0" skipped="0" failures="0">
  <properties>
[...]
</properties>
  <testcase name="recordVitals_ExistingVitals_ShouldUpdate" classname="com.hms.clinical.service.VitalsServiceTest" time="0.085"/>
  <testcase name="recordVitals_NewVitals_ShouldCreate" classname="com.hms.clinical.service.VitalsServiceTest" time="0.005"/>
  <testcase name="getVitalsHistory_ShouldReturnList" classname="com.hms.clinical.service.VitalsServiceTest" time="0.004"/>
  <testcase name="recordVitals_CompletedSession_ShouldThrow" classname="com.hms.clinical.service.VitalsServiceTest" time="0.004"/>
</testsuite>